2023-11-17 14:46:34.225 +10:00  INF  User profile is available. Using '/Users/henrydang/.aspnet/DataProtection-Keys' as key repository; keys will not be encrypted at rest.
2023-11-17 14:46:35.012 +10:00  INF  Now listening on: https://localhost:8888
2023-11-17 14:46:35.015 +10:00  INF  Application started. Press Ctrl+C to shut down.
2023-11-17 14:46:35.015 +10:00  INF  Hosting environment: Development
2023-11-17 14:46:35.015 +10:00  INF  Content root path: /Volumes/[C] Windows 11/Users/henrydang/Documents/New area/NewApp2023/TakeOffAPI/TakeOffAPI/
2023-11-17 14:47:07.554 +10:00  INF  Request starting HTTP/1.1 GET https://localhost:8888/swagger/index.html - -
2023-11-17 14:47:07.777 +10:00  INF  Request finished HTTP/1.1 GET https://localhost:8888/swagger/index.html - - - 200 - text/html;charset=utf-8 227.0271ms
2023-11-17 14:47:07.843 +10:00  INF  Request starting HTTP/1.1 GET https://localhost:8888/swagger/swagger-ui.css - -
2023-11-17 14:47:07.848 +10:00  INF  Request starting HTTP/1.1 GET https://localhost:8888/swagger/swagger-ui-bundle.js - -
2023-11-17 14:47:07.848 +10:00  INF  Request starting HTTP/1.1 GET https://localhost:8888/swagger/swagger-ui-standalone-preset.js - -
2023-11-17 14:47:07.924 +10:00  INF  Sending file. Request path: '/swagger-ui.css'. Physical path: 'N/A'
2023-11-17 14:47:07.924 +10:00  INF  Request finished HTTP/1.1 GET https://localhost:8888/swagger/swagger-ui.css - - - 200 144929 text/css 81.2275ms
2023-11-17 14:47:07.924 +10:00  INF  Sending file. Request path: '/swagger-ui-standalone-preset.js'. Physical path: 'N/A'
2023-11-17 14:47:07.924 +10:00  INF  Request finished HTTP/1.1 GET https://localhost:8888/swagger/swagger-ui-standalone-preset.js - - - 200 312163 application/javascript 76.5830ms
2023-11-17 14:47:07.936 +10:00  INF  Sending file. Request path: '/swagger-ui-bundle.js'. Physical path: 'N/A'
2023-11-17 14:47:07.936 +10:00  INF  Request finished HTTP/1.1 GET https://localhost:8888/swagger/swagger-ui-bundle.js - - - 200 1061536 application/javascript 88.1757ms
2023-11-17 14:47:08.060 +10:00  INF  Request starting HTTP/1.1 GET https://localhost:8888/swagger/v1/swagger.json - -
2023-11-17 14:47:08.153 +10:00  INF  Request finished HTTP/1.1 GET https://localhost:8888/swagger/v1/swagger.json - - - 200 - application/json;charset=utf-8 93.0213ms
2023-11-17 14:47:08.616 +10:00  INF  Request starting HTTP/1.1 GET https://localhost:8888/swagger/favicon-32x32.png - -
2023-11-17 14:47:08.616 +10:00  INF  Sending file. Request path: '/favicon-32x32.png'. Physical path: 'N/A'
2023-11-17 14:47:08.616 +10:00  INF  Request finished HTTP/1.1 GET https://localhost:8888/swagger/favicon-32x32.png - - - 200 628 image/png 0.3284ms
